<?xml version="1.0" encoding="UTF-8"?>
<testsuite name="com.amazon.ata.texttruncator.TextTruncatorTest" tests="1" skipped="0" failures="0" errors="0" timestamp="2021-05-27T23:13:54" hostname="Jamies-MacBook-Pro.local" time="0.027">
  <properties/>
  <testcase name="truncateTo_stringLongerThanNumChars_shortensToFirstNumChars()" classname="com.amazon.ata.texttruncator.TextTruncatorTest" time="0.027"/>
  <system-out><![CDATA[]]></system-out>
  <system-err><![CDATA[]]></system-err>
</testsuite>
